2023-10-15 09:36:42,323 [INFO] from play.api.http.EnabledFilters in play-dev-mode-akka.actor.default-dispatcher-9 - Enabled Filters (see <https://www.playframework.com/documentation/latest/Filters>):

    play.filters.csrf.CSRFFilter
    play.filters.headers.SecurityHeadersFilter
    play.filters.hosts.AllowedHostsFilter

2023-10-15 09:36:42,374 [INFO] from play.api.Play in play-dev-mode-akka.actor.default-dispatcher-9 - Application started (Dev) (no global state)
2023-10-15 09:36:42,620 [ERROR] from play.api.http.DefaultHttpErrorHandler in application-akka.actor.default-dispatcher-6 - 

! @838g01e8d - Internal server error, for (POST) [/consume] ->
 
play.api.http.HttpErrorHandlerExceptions$$anon$1: Execution exception[[NullPointerException: null]]
	at play.api.http.HttpErrorHandlerExceptions$.$anonfun$convertToPlayException$2(HttpErrorHandler.scala:381)
	at scala.Option.map(Option.scala:242)
	at play.api.http.HttpErrorHandlerExceptions$.convertToPlayException(HttpErrorHandler.scala:380)
	at play.api.http.HttpErrorHandlerExceptions$.throwableToUsefulException(HttpErrorHandler.scala:373)
	at play.api.http.DefaultHttpErrorHandler.onServerError(HttpErrorHandler.scala:264)
	at play.core.server.AkkaHttpServer$$anonfun$2.applyOrElse(AkkaHttpServer.scala:441)
	at play.core.server.AkkaHttpServer$$anonfun$2.applyOrElse(AkkaHttpServer.scala:433)
	at scala.concurrent.impl.Promise$Transformation.run(Promise.scala:490)
	at akka.dispatch.BatchingExecutor$AbstractBatch.processBatch(BatchingExecutor.scala:63)
	at akka.dispatch.BatchingExecutor$BlockableBatch.$anonfun$run$1(BatchingExecutor.scala:100)
	at scala.runtime.java8.JFunction0$mcV$sp.apply(JFunction0$mcV$sp.scala:18)
	at scala.concurrent.BlockContext$.withBlockContext(BlockContext.scala:94)
	at akka.dispatch.BatchingExecutor$BlockableBatch.run(BatchingExecutor.scala:100)
	at akka.dispatch.TaskInvocation.run(AbstractDispatcher.scala:49)
	at akka.dispatch.ForkJoinExecutorConfigurator$AkkaForkJoinTask.exec(ForkJoinExecutorConfigurator.scala:48)
	at java.base/java.util.concurrent.ForkJoinTask.doExec(ForkJoinTask.java:290)
	at java.base/java.util.concurrent.ForkJoinPool$WorkQueue.topLevelExec(ForkJoinPool.java:1020)
	at java.base/java.util.concurrent.ForkJoinPool.scan(ForkJoinPool.java:1656)
	at java.base/java.util.concurrent.ForkJoinPool.runWorker(ForkJoinPool.java:1594)
	at java.base/java.util.concurrent.ForkJoinWorkerThread.run(ForkJoinWorkerThread.java:183)
Caused by: java.lang.NullPointerException: null
	at controllers.SandboxController.consume(SandboxController.java:37)
	at router.Routes$$anonfun$routes$1.$anonfun$applyOrElse$8(Routes.scala:130)
	at play.core.routing.HandlerInvokerFactory$$anon$8.resultCall(HandlerInvoker.scala:150)
	at play.core.routing.HandlerInvokerFactory$$anon$8.resultCall(HandlerInvoker.scala:149)
	at play.core.routing.HandlerInvokerFactory$JavaActionInvokerFactory$$anon$3$$anon$4$$anon$5.invocation(HandlerInvoker.scala:115)
	at play.core.j.JavaAction$$anon$1.call(JavaAction.scala:119)
	at play.http.DefaultActionCreator$1.call(DefaultActionCreator.java:33)
	at play.core.j.JavaAction.$anonfun$apply$8(JavaAction.scala:175)
	at scala.concurrent.Future$.$anonfun$apply$1(Future.scala:678)
	at scala.concurrent.impl.Promise$Transformation.run(Promise.scala:467)
	at play.core.j.HttpExecutionContext.$anonfun$execute$1(HttpExecutionContext.scala:64)
	at play.api.libs.streams.Execution$trampoline$.execute(Execution.scala:70)
	at play.core.j.HttpExecutionContext.execute(HttpExecutionContext.scala:59)
	at scala.concurrent.impl.Promise$Transformation.submitWithValue(Promise.scala:429)
	at scala.concurrent.impl.Promise$DefaultPromise.submitWithValue(Promise.scala:338)
	at scala.concurrent.impl.Promise$DefaultPromise.dispatchOrAddCallbacks(Promise.scala:312)
	at scala.concurrent.impl.Promise$DefaultPromise.map(Promise.scala:182)
	at scala.concurrent.Future$.apply(Future.scala:678)
	at play.core.j.JavaAction.apply(JavaAction.scala:176)
	at play.api.mvc.Action.$anonfun$apply$4(Action.scala:82)
	at scala.concurrent.impl.Promise$Transformation.run(Promise.scala:470)
	... 12 common frames omitted
2023-10-15 09:39:54,482 [INFO] from play.api.http.EnabledFilters in play-dev-mode-akka.actor.default-dispatcher-12 - Enabled Filters (see <https://www.playframework.com/documentation/latest/Filters>):

    play.filters.csrf.CSRFFilter
    play.filters.headers.SecurityHeadersFilter
    play.filters.hosts.AllowedHostsFilter

2023-10-15 09:39:54,490 [INFO] from play.api.Play in play-dev-mode-akka.actor.default-dispatcher-12 - Application started (Dev) (no global state)
2023-10-15 09:41:00,716 [INFO] from play.api.http.EnabledFilters in play-dev-mode-akka.actor.default-dispatcher-12 - Enabled Filters (see <https://www.playframework.com/documentation/latest/Filters>):

    play.filters.csrf.CSRFFilter
    play.filters.headers.SecurityHeadersFilter
    play.filters.hosts.AllowedHostsFilter

2023-10-15 09:41:00,721 [INFO] from play.api.Play in play-dev-mode-akka.actor.default-dispatcher-12 - Application started (Dev) (no global state)
2023-10-15 09:41:59,636 [INFO] from play.api.http.EnabledFilters in play-dev-mode-akka.actor.default-dispatcher-20 - Enabled Filters (see <https://www.playframework.com/documentation/latest/Filters>):

    play.filters.csrf.CSRFFilter
    play.filters.headers.SecurityHeadersFilter
    play.filters.hosts.AllowedHostsFilter

2023-10-15 09:41:59,642 [INFO] from play.api.Play in play-dev-mode-akka.actor.default-dispatcher-20 - Application started (Dev) (no global state)
2023-10-15 09:43:13,922 [INFO] from play.api.http.EnabledFilters in play-dev-mode-akka.actor.default-dispatcher-19 - Enabled Filters (see <https://www.playframework.com/documentation/latest/Filters>):

    play.filters.csrf.CSRFFilter
    play.filters.headers.SecurityHeadersFilter
    play.filters.hosts.AllowedHostsFilter

2023-10-15 09:43:13,926 [INFO] from play.api.Play in play-dev-mode-akka.actor.default-dispatcher-19 - Application started (Dev) (no global state)
2023-10-15 09:43:13,938 [ERROR] from play.api.http.DefaultHttpErrorHandler in application-akka.actor.default-dispatcher-7 - 

! @838g0nl55 - Internal server error, for (POST) [/consume] ->
 
play.api.http.HttpErrorHandlerExceptions$$anon$1: Execution exception[[NullPointerException: null]]
	at play.api.http.HttpErrorHandlerExceptions$.$anonfun$convertToPlayException$2(HttpErrorHandler.scala:381)
	at scala.Option.map(Option.scala:242)
	at play.api.http.HttpErrorHandlerExceptions$.convertToPlayException(HttpErrorHandler.scala:380)
	at play.api.http.HttpErrorHandlerExceptions$.throwableToUsefulException(HttpErrorHandler.scala:373)
	at play.api.http.DefaultHttpErrorHandler.onServerError(HttpErrorHandler.scala:264)
	at play.core.server.AkkaHttpServer$$anonfun$2.applyOrElse(AkkaHttpServer.scala:441)
	at play.core.server.AkkaHttpServer$$anonfun$2.applyOrElse(AkkaHttpServer.scala:433)
	at scala.concurrent.impl.Promise$Transformation.run(Promise.scala:490)
	at akka.dispatch.BatchingExecutor$AbstractBatch.processBatch(BatchingExecutor.scala:63)
	at akka.dispatch.BatchingExecutor$BlockableBatch.$anonfun$run$1(BatchingExecutor.scala:100)
	at scala.runtime.java8.JFunction0$mcV$sp.apply(JFunction0$mcV$sp.scala:18)
	at scala.concurrent.BlockContext$.withBlockContext(BlockContext.scala:94)
	at akka.dispatch.BatchingExecutor$BlockableBatch.run(BatchingExecutor.scala:100)
	at akka.dispatch.TaskInvocation.run(AbstractDispatcher.scala:49)
	at akka.dispatch.ForkJoinExecutorConfigurator$AkkaForkJoinTask.exec(ForkJoinExecutorConfigurator.scala:48)
	at java.base/java.util.concurrent.ForkJoinTask.doExec(ForkJoinTask.java:290)
	at java.base/java.util.concurrent.ForkJoinPool$WorkQueue.topLevelExec(ForkJoinPool.java:1020)
	at java.base/java.util.concurrent.ForkJoinPool.scan(ForkJoinPool.java:1656)
	at java.base/java.util.concurrent.ForkJoinPool.runWorker(ForkJoinPool.java:1594)
	at java.base/java.util.concurrent.ForkJoinWorkerThread.run(ForkJoinWorkerThread.java:183)
Caused by: java.lang.NullPointerException: null
	at controllers.SandboxController.consume(SandboxController.java:41)
	at router.Routes$$anonfun$routes$1.$anonfun$applyOrElse$8(Routes.scala:130)
	at play.core.routing.HandlerInvokerFactory$$anon$8.resultCall(HandlerInvoker.scala:150)
	at play.core.routing.HandlerInvokerFactory$$anon$8.resultCall(HandlerInvoker.scala:149)
	at play.core.routing.HandlerInvokerFactory$JavaActionInvokerFactory$$anon$3$$anon$4$$anon$5.invocation(HandlerInvoker.scala:115)
	at play.core.j.JavaAction$$anon$1.call(JavaAction.scala:119)
	at play.http.DefaultActionCreator$1.call(DefaultActionCreator.java:33)
	at play.core.j.JavaAction.$anonfun$apply$8(JavaAction.scala:175)
	at scala.concurrent.Future$.$anonfun$apply$1(Future.scala:678)
	at scala.concurrent.impl.Promise$Transformation.run(Promise.scala:467)
	at play.core.j.HttpExecutionContext.$anonfun$execute$1(HttpExecutionContext.scala:64)
	at play.api.libs.streams.Execution$trampoline$.execute(Execution.scala:70)
	at play.core.j.HttpExecutionContext.execute(HttpExecutionContext.scala:59)
	at scala.concurrent.impl.Promise$Transformation.submitWithValue(Promise.scala:429)
	at scala.concurrent.impl.Promise$DefaultPromise.submitWithValue(Promise.scala:338)
	at scala.concurrent.impl.Promise$DefaultPromise.dispatchOrAddCallbacks(Promise.scala:312)
	at scala.concurrent.impl.Promise$DefaultPromise.map(Promise.scala:182)
	at scala.concurrent.Future$.apply(Future.scala:678)
	at play.core.j.JavaAction.apply(JavaAction.scala:176)
	at play.api.mvc.Action.$anonfun$apply$4(Action.scala:82)
	at scala.concurrent.impl.Promise$Transformation.run(Promise.scala:470)
	... 12 common frames omitted
2023-10-15 09:43:45,755 [INFO] from play.api.http.EnabledFilters in play-dev-mode-akka.actor.default-dispatcher-22 - Enabled Filters (see <https://www.playframework.com/documentation/latest/Filters>):

    play.filters.csrf.CSRFFilter
    play.filters.headers.SecurityHeadersFilter
    play.filters.hosts.AllowedHostsFilter

2023-10-15 09:43:45,759 [INFO] from play.api.Play in play-dev-mode-akka.actor.default-dispatcher-22 - Application started (Dev) (no global state)
2023-10-15 09:44:11,661 [ERROR] from play.api.http.DevHttpErrorHandler in play-dev-mode-akka.actor.default-dispatcher-19 - 

! @838g112ec - Internal server error, for (POST) [/consume] ->
 
play.sbt.PlayExceptions$CompilationException: Compilation error[array required, but java.lang.Object found]
	at play.sbt.PlayExceptions$CompilationException$.apply(PlayExceptions.scala:34)
	at play.sbt.PlayExceptions$CompilationException$.apply(PlayExceptions.scala:34)
	at scala.Option.map(Option.scala:230)
	at play.sbt.run.PlayReload$.$anonfun$taskFailureHandler$8(PlayReload.scala:127)
	at scala.Option.map(Option.scala:230)
	at play.sbt.run.PlayReload$.taskFailureHandler(PlayReload.scala:100)
	at play.sbt.run.PlayReload$.compileFailure(PlayReload.scala:38)
	at play.sbt.run.PlayReload$.$anonfun$compile$3(PlayReload.scala:152)
	at scala.util.Either$LeftProjection.map(Either.scala:573)
	at play.sbt.run.PlayReload$.compile(PlayReload.scala:152)
	at play.sbt.run.PlayRun$.$anonfun$playRunTask$4(PlayRun.scala:80)
	at play.runsupport.Reloader.$anonfun$reload$1(Reloader.scala:496)
	at play.runsupport.Reloader$$anon$1.run(Reloader.scala:57)
	at java.base/java.security.AccessController.doPrivileged(Native Method)
	at play.runsupport.Reloader$.play$runsupport$Reloader$$withReloaderContextClassLoader(Reloader.scala:63)
	at play.runsupport.Reloader.reload(Reloader.scala:496)
	at play.core.server.DevServerStart$$anon$1.get(DevServerStart.scala:147)
	at play.core.server.AkkaHttpServer.handleRequest(AkkaHttpServer.scala:310)
	at play.core.server.AkkaHttpServer.$anonfun$createServerBinding$1(AkkaHttpServer.scala:227)
	at akka.stream.impl.fusing.MapAsync$$anon$30.onPush(Ops.scala:1309)
	at akka.stream.impl.fusing.GraphInterpreter.processPush(GraphInterpreter.scala:542)
	at akka.stream.impl.fusing.GraphInterpreter.processEvent(GraphInterpreter.scala:496)
	at akka.stream.impl.fusing.GraphInterpreter.execute(GraphInterpreter.scala:390)
	at akka.stream.impl.fusing.GraphInterpreterShell.runBatch(ActorGraphInterpreter.scala:650)
	at akka.stream.impl.fusing.GraphInterpreterShell$AsyncInput.execute(ActorGraphInterpreter.scala:521)
	at akka.stream.impl.fusing.GraphInterpreterShell.processEvent(ActorGraphInterpreter.scala:625)
	at akka.stream.impl.fusing.ActorGraphInterpreter.akka$stream$impl$fusing$ActorGraphInterpreter$$processEvent(ActorGraphInterpreter.scala:800)
	at akka.stream.impl.fusing.ActorGraphInterpreter$$anonfun$receive$1.applyOrElse(ActorGraphInterpreter.scala:818)
	at akka.actor.Actor.aroundReceive(Actor.scala:537)
	at akka.actor.Actor.aroundReceive$(Actor.scala:535)
	at akka.stream.impl.fusing.ActorGraphInterpreter.aroundReceive(ActorGraphInterpreter.scala:716)
	at akka.actor.ActorCell.receiveMessage(ActorCell.scala:579)
	at akka.actor.ActorCell.invoke(ActorCell.scala:547)
	at akka.dispatch.Mailbox.processMailbox(Mailbox.scala:270)
	at akka.dispatch.Mailbox.run(Mailbox.scala:231)
	at akka.dispatch.Mailbox.exec(Mailbox.scala:243)
	at java.base/java.util.concurrent.ForkJoinTask.doExec(ForkJoinTask.java:290)
	at java.base/java.util.concurrent.ForkJoinPool$WorkQueue.topLevelExec(ForkJoinPool.java:1020)
	at java.base/java.util.concurrent.ForkJoinPool.scan(ForkJoinPool.java:1656)
	at java.base/java.util.concurrent.ForkJoinPool.runWorker(ForkJoinPool.java:1594)
	at java.base/java.util.concurrent.ForkJoinWorkerThread.run(ForkJoinWorkerThread.java:183)
2023-10-15 09:45:35,179 [ERROR] from play.api.http.DevHttpErrorHandler in play-dev-mode-akka.actor.default-dispatcher-19 - 

! @838g15m3d - Internal server error, for (POST) [/consume] ->
 
play.sbt.PlayExceptions$CompilationException: Compilation error[cannot find symbol
  symbol:   method toList()
  location: class java.lang.Object]
	at play.sbt.PlayExceptions$CompilationException$.apply(PlayExceptions.scala:34)
	at play.sbt.PlayExceptions$CompilationException$.apply(PlayExceptions.scala:34)
	at scala.Option.map(Option.scala:230)
	at play.sbt.run.PlayReload$.$anonfun$taskFailureHandler$8(PlayReload.scala:127)
	at scala.Option.map(Option.scala:230)
	at play.sbt.run.PlayReload$.taskFailureHandler(PlayReload.scala:100)
	at play.sbt.run.PlayReload$.compileFailure(PlayReload.scala:38)
	at play.sbt.run.PlayReload$.$anonfun$compile$3(PlayReload.scala:152)
	at scala.util.Either$LeftProjection.map(Either.scala:573)
	at play.sbt.run.PlayReload$.compile(PlayReload.scala:152)
	at play.sbt.run.PlayRun$.$anonfun$playRunTask$4(PlayRun.scala:80)
	at play.runsupport.Reloader.$anonfun$reload$1(Reloader.scala:496)
	at play.runsupport.Reloader$$anon$1.run(Reloader.scala:57)
	at java.base/java.security.AccessController.doPrivileged(Native Method)
	at play.runsupport.Reloader$.play$runsupport$Reloader$$withReloaderContextClassLoader(Reloader.scala:63)
	at play.runsupport.Reloader.reload(Reloader.scala:496)
	at play.core.server.DevServerStart$$anon$1.get(DevServerStart.scala:147)
	at play.core.server.AkkaHttpServer.handleRequest(AkkaHttpServer.scala:310)
	at play.core.server.AkkaHttpServer.$anonfun$createServerBinding$1(AkkaHttpServer.scala:227)
	at akka.stream.impl.fusing.MapAsync$$anon$30.onPush(Ops.scala:1309)
	at akka.stream.impl.fusing.GraphInterpreter.processPush(GraphInterpreter.scala:542)
	at akka.stream.impl.fusing.GraphInterpreter.processEvent(GraphInterpreter.scala:496)
	at akka.stream.impl.fusing.GraphInterpreter.execute(GraphInterpreter.scala:390)
	at akka.stream.impl.fusing.GraphInterpreterShell.runBatch(ActorGraphInterpreter.scala:650)
	at akka.stream.impl.fusing.GraphInterpreterShell$AsyncInput.execute(ActorGraphInterpreter.scala:521)
	at akka.stream.impl.fusing.GraphInterpreterShell.processEvent(ActorGraphInterpreter.scala:625)
	at akka.stream.impl.fusing.ActorGraphInterpreter.akka$stream$impl$fusing$ActorGraphInterpreter$$processEvent(ActorGraphInterpreter.scala:800)
	at akka.stream.impl.fusing.ActorGraphInterpreter$$anonfun$receive$1.applyOrElse(ActorGraphInterpreter.scala:818)
	at akka.actor.Actor.aroundReceive(Actor.scala:537)
	at akka.actor.Actor.aroundReceive$(Actor.scala:535)
	at akka.stream.impl.fusing.ActorGraphInterpreter.aroundReceive(ActorGraphInterpreter.scala:716)
	at akka.actor.ActorCell.receiveMessage(ActorCell.scala:579)
	at akka.actor.ActorCell.invoke(ActorCell.scala:547)
	at akka.dispatch.Mailbox.processMailbox(Mailbox.scala:270)
	at akka.dispatch.Mailbox.run(Mailbox.scala:231)
	at akka.dispatch.Mailbox.exec(Mailbox.scala:243)
	at java.base/java.util.concurrent.ForkJoinTask.doExec(ForkJoinTask.java:290)
	at java.base/java.util.concurrent.ForkJoinPool$WorkQueue.topLevelExec(ForkJoinPool.java:1020)
	at java.base/java.util.concurrent.ForkJoinPool.scan(ForkJoinPool.java:1656)
	at java.base/java.util.concurrent.ForkJoinPool.runWorker(ForkJoinPool.java:1594)
	at java.base/java.util.concurrent.ForkJoinWorkerThread.run(ForkJoinWorkerThread.java:183)
2023-10-15 09:46:34,038 [ERROR] from play.api.http.DevHttpErrorHandler in play-dev-mode-akka.actor.default-dispatcher-20 - 

! @838g19558 - Internal server error, for (POST) [/consume] ->
 
play.sbt.PlayExceptions$CompilationException: Compilation error[array required, but java.util.List<java.lang.Object> found]
	at play.sbt.PlayExceptions$CompilationException$.apply(PlayExceptions.scala:34)
	at play.sbt.PlayExceptions$CompilationException$.apply(PlayExceptions.scala:34)
	at scala.Option.map(Option.scala:230)
	at play.sbt.run.PlayReload$.$anonfun$taskFailureHandler$8(PlayReload.scala:127)
	at scala.Option.map(Option.scala:230)
	at play.sbt.run.PlayReload$.taskFailureHandler(PlayReload.scala:100)
	at play.sbt.run.PlayReload$.compileFailure(PlayReload.scala:38)
	at play.sbt.run.PlayReload$.$anonfun$compile$3(PlayReload.scala:152)
	at scala.util.Either$LeftProjection.map(Either.scala:573)
	at play.sbt.run.PlayReload$.compile(PlayReload.scala:152)
	at play.sbt.run.PlayRun$.$anonfun$playRunTask$4(PlayRun.scala:80)
	at play.runsupport.Reloader.$anonfun$reload$1(Reloader.scala:496)
	at play.runsupport.Reloader$$anon$1.run(Reloader.scala:57)
	at java.base/java.security.AccessController.doPrivileged(Native Method)
	at play.runsupport.Reloader$.play$runsupport$Reloader$$withReloaderContextClassLoader(Reloader.scala:63)
	at play.runsupport.Reloader.reload(Reloader.scala:496)
	at play.core.server.DevServerStart$$anon$1.get(DevServerStart.scala:147)
	at play.core.server.AkkaHttpServer.handleRequest(AkkaHttpServer.scala:310)
	at play.core.server.AkkaHttpServer.$anonfun$createServerBinding$1(AkkaHttpServer.scala:227)
	at akka.stream.impl.fusing.MapAsync$$anon$30.onPush(Ops.scala:1309)
	at akka.stream.impl.fusing.GraphInterpreter.processPush(GraphInterpreter.scala:542)
	at akka.stream.impl.fusing.GraphInterpreter.processEvent(GraphInterpreter.scala:496)
	at akka.stream.impl.fusing.GraphInterpreter.execute(GraphInterpreter.scala:390)
	at akka.stream.impl.fusing.GraphInterpreterShell.runBatch(ActorGraphInterpreter.scala:650)
	at akka.stream.impl.fusing.GraphInterpreterShell$AsyncInput.execute(ActorGraphInterpreter.scala:521)
	at akka.stream.impl.fusing.GraphInterpreterShell.processEvent(ActorGraphInterpreter.scala:625)
	at akka.stream.impl.fusing.ActorGraphInterpreter.akka$stream$impl$fusing$ActorGraphInterpreter$$processEvent(ActorGraphInterpreter.scala:800)
	at akka.stream.impl.fusing.ActorGraphInterpreter$$anonfun$receive$1.applyOrElse(ActorGraphInterpreter.scala:818)
	at akka.actor.Actor.aroundReceive(Actor.scala:537)
	at akka.actor.Actor.aroundReceive$(Actor.scala:535)
	at akka.stream.impl.fusing.ActorGraphInterpreter.aroundReceive(ActorGraphInterpreter.scala:716)
	at akka.actor.ActorCell.receiveMessage(ActorCell.scala:579)
	at akka.actor.ActorCell.invoke(ActorCell.scala:547)
	at akka.dispatch.Mailbox.processMailbox(Mailbox.scala:270)
	at akka.dispatch.Mailbox.run(Mailbox.scala:231)
	at akka.dispatch.Mailbox.exec(Mailbox.scala:243)
	at java.base/java.util.concurrent.ForkJoinTask.doExec(ForkJoinTask.java:290)
	at java.base/java.util.concurrent.ForkJoinPool$WorkQueue.topLevelExec(ForkJoinPool.java:1020)
	at java.base/java.util.concurrent.ForkJoinPool.scan(ForkJoinPool.java:1656)
	at java.base/java.util.concurrent.ForkJoinPool.runWorker(ForkJoinPool.java:1594)
	at java.base/java.util.concurrent.ForkJoinWorkerThread.run(ForkJoinWorkerThread.java:183)
2023-10-15 09:47:05,470 [INFO] from play.api.http.EnabledFilters in play-dev-mode-akka.actor.default-dispatcher-20 - Enabled Filters (see <https://www.playframework.com/documentation/latest/Filters>):

    play.filters.csrf.CSRFFilter
    play.filters.headers.SecurityHeadersFilter
    play.filters.hosts.AllowedHostsFilter

2023-10-15 09:47:05,475 [INFO] from play.api.Play in play-dev-mode-akka.actor.default-dispatcher-20 - Application started (Dev) (no global state)
2023-10-15 09:47:50,386 [ERROR] from play.api.http.DevHttpErrorHandler in play-dev-mode-akka.actor.default-dispatcher-16 - 

! @838g1de2c - Internal server error, for (POST) [/consume] ->
 
play.sbt.PlayExceptions$CompilationException: Compilation error[cannot find symbol
  symbol:   variable values
  location: class controllers.SandboxController]
	at play.sbt.PlayExceptions$CompilationException$.apply(PlayExceptions.scala:34)
	at play.sbt.PlayExceptions$CompilationException$.apply(PlayExceptions.scala:34)
	at scala.Option.map(Option.scala:230)
	at play.sbt.run.PlayReload$.$anonfun$taskFailureHandler$8(PlayReload.scala:127)
	at scala.Option.map(Option.scala:230)
	at play.sbt.run.PlayReload$.taskFailureHandler(PlayReload.scala:100)
	at play.sbt.run.PlayReload$.compileFailure(PlayReload.scala:38)
	at play.sbt.run.PlayReload$.$anonfun$compile$3(PlayReload.scala:152)
	at scala.util.Either$LeftProjection.map(Either.scala:573)
	at play.sbt.run.PlayReload$.compile(PlayReload.scala:152)
	at play.sbt.run.PlayRun$.$anonfun$playRunTask$4(PlayRun.scala:80)
	at play.runsupport.Reloader.$anonfun$reload$1(Reloader.scala:496)
	at play.runsupport.Reloader$$anon$1.run(Reloader.scala:57)
	at java.base/java.security.AccessController.doPrivileged(Native Method)
	at play.runsupport.Reloader$.play$runsupport$Reloader$$withReloaderContextClassLoader(Reloader.scala:63)
	at play.runsupport.Reloader.reload(Reloader.scala:496)
	at play.core.server.DevServerStart$$anon$1.get(DevServerStart.scala:147)
	at play.core.server.AkkaHttpServer.handleRequest(AkkaHttpServer.scala:310)
	at play.core.server.AkkaHttpServer.$anonfun$createServerBinding$1(AkkaHttpServer.scala:227)
	at akka.stream.impl.fusing.MapAsync$$anon$30.onPush(Ops.scala:1309)
	at akka.stream.impl.fusing.GraphInterpreter.processPush(GraphInterpreter.scala:542)
	at akka.stream.impl.fusing.GraphInterpreter.processEvent(GraphInterpreter.scala:496)
	at akka.stream.impl.fusing.GraphInterpreter.execute(GraphInterpreter.scala:390)
	at akka.stream.impl.fusing.GraphInterpreterShell.runBatch(ActorGraphInterpreter.scala:650)
	at akka.stream.impl.fusing.GraphInterpreterShell$AsyncInput.execute(ActorGraphInterpreter.scala:521)
	at akka.stream.impl.fusing.GraphInterpreterShell.processEvent(ActorGraphInterpreter.scala:625)
	at akka.stream.impl.fusing.ActorGraphInterpreter.akka$stream$impl$fusing$ActorGraphInterpreter$$processEvent(ActorGraphInterpreter.scala:800)
	at akka.stream.impl.fusing.ActorGraphInterpreter$$anonfun$receive$1.applyOrElse(ActorGraphInterpreter.scala:818)
	at akka.actor.Actor.aroundReceive(Actor.scala:537)
	at akka.actor.Actor.aroundReceive$(Actor.scala:535)
	at akka.stream.impl.fusing.ActorGraphInterpreter.aroundReceive(ActorGraphInterpreter.scala:716)
	at akka.actor.ActorCell.receiveMessage(ActorCell.scala:579)
	at akka.actor.ActorCell.invoke(ActorCell.scala:547)
	at akka.dispatch.Mailbox.processMailbox(Mailbox.scala:270)
	at akka.dispatch.Mailbox.run(Mailbox.scala:231)
	at akka.dispatch.Mailbox.exec(Mailbox.scala:243)
	at java.base/java.util.concurrent.ForkJoinTask.doExec(ForkJoinTask.java:290)
	at java.base/java.util.concurrent.ForkJoinPool$WorkQueue.topLevelExec(ForkJoinPool.java:1020)
	at java.base/java.util.concurrent.ForkJoinPool.scan(ForkJoinPool.java:1656)
	at java.base/java.util.concurrent.ForkJoinPool.runWorker(ForkJoinPool.java:1594)
	at java.base/java.util.concurrent.ForkJoinWorkerThread.run(ForkJoinWorkerThread.java:183)
2023-10-15 09:49:17,379 [INFO] from play.api.http.EnabledFilters in play-dev-mode-akka.actor.default-dispatcher-20 - Enabled Filters (see <https://www.playframework.com/documentation/latest/Filters>):

    play.filters.csrf.CSRFFilter
    play.filters.headers.SecurityHeadersFilter
    play.filters.hosts.AllowedHostsFilter

2023-10-15 09:49:17,383 [INFO] from play.api.Play in play-dev-mode-akka.actor.default-dispatcher-20 - Application started (Dev) (no global state)
2023-10-15 09:49:49,331 [INFO] from play.api.http.EnabledFilters in play-dev-mode-akka.actor.default-dispatcher-24 - Enabled Filters (see <https://www.playframework.com/documentation/latest/Filters>):

    play.filters.csrf.CSRFFilter
    play.filters.headers.SecurityHeadersFilter
    play.filters.hosts.AllowedHostsFilter

2023-10-15 09:49:49,336 [INFO] from play.api.Play in play-dev-mode-akka.actor.default-dispatcher-24 - Application started (Dev) (no global state)
2023-10-15 09:51:04,364 [ERROR] from play.api.http.DevHttpErrorHandler in play-dev-mode-akka.actor.default-dispatcher-20 - 

! @838g1of1l - Internal server error, for (POST) [/consume] ->
 
play.sbt.PlayExceptions$CompilationException: Compilation error[cannot find symbol
  symbol:   variable valuesLists
  location: class controllers.SandboxController]
	at play.sbt.PlayExceptions$CompilationException$.apply(PlayExceptions.scala:34)
	at play.sbt.PlayExceptions$CompilationException$.apply(PlayExceptions.scala:34)
	at scala.Option.map(Option.scala:230)
	at play.sbt.run.PlayReload$.$anonfun$taskFailureHandler$8(PlayReload.scala:127)
	at scala.Option.map(Option.scala:230)
	at play.sbt.run.PlayReload$.taskFailureHandler(PlayReload.scala:100)
	at play.sbt.run.PlayReload$.compileFailure(PlayReload.scala:38)
	at play.sbt.run.PlayReload$.$anonfun$compile$3(PlayReload.scala:152)
	at scala.util.Either$LeftProjection.map(Either.scala:573)
	at play.sbt.run.PlayReload$.compile(PlayReload.scala:152)
	at play.sbt.run.PlayRun$.$anonfun$playRunTask$4(PlayRun.scala:80)
	at play.runsupport.Reloader.$anonfun$reload$1(Reloader.scala:496)
	at play.runsupport.Reloader$$anon$1.run(Reloader.scala:57)
	at java.base/java.security.AccessController.doPrivileged(Native Method)
	at play.runsupport.Reloader$.play$runsupport$Reloader$$withReloaderContextClassLoader(Reloader.scala:63)
	at play.runsupport.Reloader.reload(Reloader.scala:496)
	at play.core.server.DevServerStart$$anon$1.get(DevServerStart.scala:147)
	at play.core.server.AkkaHttpServer.handleRequest(AkkaHttpServer.scala:310)
	at play.core.server.AkkaHttpServer.$anonfun$createServerBinding$1(AkkaHttpServer.scala:227)
	at akka.stream.impl.fusing.MapAsync$$anon$30.onPush(Ops.scala:1309)
	at akka.stream.impl.fusing.GraphInterpreter.processPush(GraphInterpreter.scala:542)
	at akka.stream.impl.fusing.GraphInterpreter.processEvent(GraphInterpreter.scala:496)
	at akka.stream.impl.fusing.GraphInterpreter.execute(GraphInterpreter.scala:390)
	at akka.stream.impl.fusing.GraphInterpreterShell.runBatch(ActorGraphInterpreter.scala:650)
	at akka.stream.impl.fusing.GraphInterpreterShell$AsyncInput.execute(ActorGraphInterpreter.scala:521)
	at akka.stream.impl.fusing.GraphInterpreterShell.processEvent(ActorGraphInterpreter.scala:625)
	at akka.stream.impl.fusing.ActorGraphInterpreter.akka$stream$impl$fusing$ActorGraphInterpreter$$processEvent(ActorGraphInterpreter.scala:800)
	at akka.stream.impl.fusing.ActorGraphInterpreter$$anonfun$receive$1.applyOrElse(ActorGraphInterpreter.scala:818)
	at akka.actor.Actor.aroundReceive(Actor.scala:537)
	at akka.actor.Actor.aroundReceive$(Actor.scala:535)
	at akka.stream.impl.fusing.ActorGraphInterpreter.aroundReceive(ActorGraphInterpreter.scala:716)
	at akka.actor.ActorCell.receiveMessage(ActorCell.scala:579)
	at akka.actor.ActorCell.invoke(ActorCell.scala:547)
	at akka.dispatch.Mailbox.processMailbox(Mailbox.scala:270)
	at akka.dispatch.Mailbox.run(Mailbox.scala:231)
	at akka.dispatch.Mailbox.exec(Mailbox.scala:243)
	at java.base/java.util.concurrent.ForkJoinTask.doExec(ForkJoinTask.java:290)
	at java.base/java.util.concurrent.ForkJoinPool$WorkQueue.topLevelExec(ForkJoinPool.java:1020)
	at java.base/java.util.concurrent.ForkJoinPool.scan(ForkJoinPool.java:1656)
	at java.base/java.util.concurrent.ForkJoinPool.runWorker(ForkJoinPool.java:1594)
	at java.base/java.util.concurrent.ForkJoinWorkerThread.run(ForkJoinWorkerThread.java:183)
2023-10-15 09:51:23,565 [ERROR] from play.api.http.DevHttpErrorHandler in play-dev-mode-akka.actor.default-dispatcher-19 - 

! @838g1phcp - Internal server error, for (POST) [/consume] ->
 
play.sbt.PlayExceptions$CompilationException: Compilation error[for-each not applicable to expression type
  required: array or java.lang.Iterable
  found:    java.lang.Object]
	at play.sbt.PlayExceptions$CompilationException$.apply(PlayExceptions.scala:34)
	at play.sbt.PlayExceptions$CompilationException$.apply(PlayExceptions.scala:34)
	at scala.Option.map(Option.scala:230)
	at play.sbt.run.PlayReload$.$anonfun$taskFailureHandler$8(PlayReload.scala:127)
	at scala.Option.map(Option.scala:230)
	at play.sbt.run.PlayReload$.taskFailureHandler(PlayReload.scala:100)
	at play.sbt.run.PlayReload$.compileFailure(PlayReload.scala:38)
	at play.sbt.run.PlayReload$.$anonfun$compile$3(PlayReload.scala:152)
	at scala.util.Either$LeftProjection.map(Either.scala:573)
	at play.sbt.run.PlayReload$.compile(PlayReload.scala:152)
	at play.sbt.run.PlayRun$.$anonfun$playRunTask$4(PlayRun.scala:80)
	at play.runsupport.Reloader.$anonfun$reload$1(Reloader.scala:496)
	at play.runsupport.Reloader$$anon$1.run(Reloader.scala:57)
	at java.base/java.security.AccessController.doPrivileged(Native Method)
	at play.runsupport.Reloader$.play$runsupport$Reloader$$withReloaderContextClassLoader(Reloader.scala:63)
	at play.runsupport.Reloader.reload(Reloader.scala:496)
	at play.core.server.DevServerStart$$anon$1.get(DevServerStart.scala:147)
	at play.core.server.AkkaHttpServer.handleRequest(AkkaHttpServer.scala:310)
	at play.core.server.AkkaHttpServer.$anonfun$createServerBinding$1(AkkaHttpServer.scala:227)
	at akka.stream.impl.fusing.MapAsync$$anon$30.onPush(Ops.scala:1309)
	at akka.stream.impl.fusing.GraphInterpreter.processPush(GraphInterpreter.scala:542)
	at akka.stream.impl.fusing.GraphInterpreter.processEvent(GraphInterpreter.scala:496)
	at akka.stream.impl.fusing.GraphInterpreter.execute(GraphInterpreter.scala:390)
	at akka.stream.impl.fusing.GraphInterpreterShell.runBatch(ActorGraphInterpreter.scala:650)
	at akka.stream.impl.fusing.GraphInterpreterShell$AsyncInput.execute(ActorGraphInterpreter.scala:521)
	at akka.stream.impl.fusing.GraphInterpreterShell.processEvent(ActorGraphInterpreter.scala:625)
	at akka.stream.impl.fusing.ActorGraphInterpreter.akka$stream$impl$fusing$ActorGraphInterpreter$$processEvent(ActorGraphInterpreter.scala:800)
	at akka.stream.impl.fusing.ActorGraphInterpreter$$anonfun$receive$1.applyOrElse(ActorGraphInterpreter.scala:818)
	at akka.actor.Actor.aroundReceive(Actor.scala:537)
	at akka.actor.Actor.aroundReceive$(Actor.scala:535)
	at akka.stream.impl.fusing.ActorGraphInterpreter.aroundReceive(ActorGraphInterpreter.scala:716)
	at akka.actor.ActorCell.receiveMessage(ActorCell.scala:579)
	at akka.actor.ActorCell.invoke(ActorCell.scala:547)
	at akka.dispatch.Mailbox.processMailbox(Mailbox.scala:270)
	at akka.dispatch.Mailbox.run(Mailbox.scala:231)
	at akka.dispatch.Mailbox.exec(Mailbox.scala:243)
	at java.base/java.util.concurrent.ForkJoinTask.doExec(ForkJoinTask.java:290)
	at java.base/java.util.concurrent.ForkJoinPool$WorkQueue.topLevelExec(ForkJoinPool.java:1020)
	at java.base/java.util.concurrent.ForkJoinPool.scan(ForkJoinPool.java:1656)
	at java.base/java.util.concurrent.ForkJoinPool.runWorker(ForkJoinPool.java:1594)
	at java.base/java.util.concurrent.ForkJoinWorkerThread.run(ForkJoinWorkerThread.java:183)
2023-10-15 09:52:06,643 [INFO] from play.api.http.EnabledFilters in play-dev-mode-akka.actor.default-dispatcher-20 - Enabled Filters (see <https://www.playframework.com/documentation/latest/Filters>):

    play.filters.csrf.CSRFFilter
    play.filters.headers.SecurityHeadersFilter
    play.filters.hosts.AllowedHostsFilter

2023-10-15 09:52:06,647 [INFO] from play.api.Play in play-dev-mode-akka.actor.default-dispatcher-20 - Application started (Dev) (no global state)
2023-10-15 09:52:25,036 [ERROR] from play.api.http.DevHttpErrorHandler in play-dev-mode-akka.actor.default-dispatcher-20 - 

! @838g234af - Internal server error, for (POST) [/consume] ->
 
play.sbt.PlayExceptions$CompilationException: Compilation error[array required, but java.lang.Object found]
	at play.sbt.PlayExceptions$CompilationException$.apply(PlayExceptions.scala:34)
	at play.sbt.PlayExceptions$CompilationException$.apply(PlayExceptions.scala:34)
	at scala.Option.map(Option.scala:230)
	at play.sbt.run.PlayReload$.$anonfun$taskFailureHandler$8(PlayReload.scala:127)
	at scala.Option.map(Option.scala:230)
	at play.sbt.run.PlayReload$.taskFailureHandler(PlayReload.scala:100)
	at play.sbt.run.PlayReload$.compileFailure(PlayReload.scala:38)
	at play.sbt.run.PlayReload$.$anonfun$compile$3(PlayReload.scala:152)
	at scala.util.Either$LeftProjection.map(Either.scala:573)
	at play.sbt.run.PlayReload$.compile(PlayReload.scala:152)
	at play.sbt.run.PlayRun$.$anonfun$playRunTask$4(PlayRun.scala:80)
	at play.runsupport.Reloader.$anonfun$reload$1(Reloader.scala:496)
	at play.runsupport.Reloader$$anon$1.run(Reloader.scala:57)
	at java.base/java.security.AccessController.doPrivileged(Native Method)
	at play.runsupport.Reloader$.play$runsupport$Reloader$$withReloaderContextClassLoader(Reloader.scala:63)
	at play.runsupport.Reloader.reload(Reloader.scala:496)
	at play.core.server.DevServerStart$$anon$1.get(DevServerStart.scala:147)
	at play.core.server.AkkaHttpServer.handleRequest(AkkaHttpServer.scala:310)
	at play.core.server.AkkaHttpServer.$anonfun$createServerBinding$1(AkkaHttpServer.scala:227)
	at akka.stream.impl.fusing.MapAsync$$anon$30.onPush(Ops.scala:1309)
	at akka.stream.impl.fusing.GraphInterpreter.processPush(GraphInterpreter.scala:542)
	at akka.stream.impl.fusing.GraphInterpreter.processEvent(GraphInterpreter.scala:496)
	at akka.stream.impl.fusing.GraphInterpreter.execute(GraphInterpreter.scala:390)
	at akka.stream.impl.fusing.GraphInterpreterShell.runBatch(ActorGraphInterpreter.scala:650)
	at akka.stream.impl.fusing.GraphInterpreterShell$AsyncInput.execute(ActorGraphInterpreter.scala:521)
	at akka.stream.impl.fusing.GraphInterpreterShell.processEvent(ActorGraphInterpreter.scala:625)
	at akka.stream.impl.fusing.ActorGraphInterpreter.akka$stream$impl$fusing$ActorGraphInterpreter$$processEvent(ActorGraphInterpreter.scala:800)
	at akka.stream.impl.fusing.ActorGraphInterpreter$$anonfun$receive$1.applyOrElse(ActorGraphInterpreter.scala:818)
	at akka.actor.Actor.aroundReceive(Actor.scala:537)
	at akka.actor.Actor.aroundReceive$(Actor.scala:535)
	at akka.stream.impl.fusing.ActorGraphInterpreter.aroundReceive(ActorGraphInterpreter.scala:716)
	at akka.actor.ActorCell.receiveMessage(ActorCell.scala:579)
	at akka.actor.ActorCell.invoke(ActorCell.scala:547)
	at akka.dispatch.Mailbox.processMailbox(Mailbox.scala:270)
	at akka.dispatch.Mailbox.run(Mailbox.scala:231)
	at akka.dispatch.Mailbox.exec(Mailbox.scala:243)
	at java.base/java.util.concurrent.ForkJoinTask.doExec(ForkJoinTask.java:290)
	at java.base/java.util.concurrent.ForkJoinPool$WorkQueue.topLevelExec(ForkJoinPool.java:1020)
	at java.base/java.util.concurrent.ForkJoinPool.scan(ForkJoinPool.java:1656)
	at java.base/java.util.concurrent.ForkJoinPool.runWorker(ForkJoinPool.java:1594)
	at java.base/java.util.concurrent.ForkJoinWorkerThread.run(ForkJoinWorkerThread.java:183)
2023-10-15 09:53:15,320 [INFO] from play.api.http.EnabledFilters in play-dev-mode-akka.actor.default-dispatcher-28 - Enabled Filters (see <https://www.playframework.com/documentation/latest/Filters>):

    play.filters.csrf.CSRFFilter
    play.filters.headers.SecurityHeadersFilter
    play.filters.hosts.AllowedHostsFilter

2023-10-15 09:53:15,323 [INFO] from play.api.Play in play-dev-mode-akka.actor.default-dispatcher-28 - Application started (Dev) (no global state)
2023-10-15 10:00:26,708 [INFO] from play.api.http.EnabledFilters in play-dev-mode-akka.actor.default-dispatcher-30 - Enabled Filters (see <https://www.playframework.com/documentation/latest/Filters>):

    play.filters.csrf.CSRFFilter
    play.filters.headers.SecurityHeadersFilter
    play.filters.hosts.AllowedHostsFilter

2023-10-15 10:00:26,710 [INFO] from play.api.Play in play-dev-mode-akka.actor.default-dispatcher-30 - Application started (Dev) (no global state)
2023-10-15 10:01:12,862 [ERROR] from play.api.http.DevHttpErrorHandler in play-dev-mode-akka.actor.default-dispatcher-33 - 

! @838g3755i - Internal server error, for (POST) [/consume] ->
 
play.sbt.PlayExceptions$CompilationException: Compilation error[cannot find symbol
  symbol:   method getPackage()
  location: variable values of type java.util.List<java.lang.Object>]
	at play.sbt.PlayExceptions$CompilationException$.apply(PlayExceptions.scala:34)
	at play.sbt.PlayExceptions$CompilationException$.apply(PlayExceptions.scala:34)
	at scala.Option.map(Option.scala:230)
	at play.sbt.run.PlayReload$.$anonfun$taskFailureHandler$8(PlayReload.scala:127)
	at scala.Option.map(Option.scala:230)
	at play.sbt.run.PlayReload$.taskFailureHandler(PlayReload.scala:100)
	at play.sbt.run.PlayReload$.compileFailure(PlayReload.scala:38)
	at play.sbt.run.PlayReload$.$anonfun$compile$3(PlayReload.scala:152)
	at scala.util.Either$LeftProjection.map(Either.scala:573)
	at play.sbt.run.PlayReload$.compile(PlayReload.scala:152)
	at play.sbt.run.PlayRun$.$anonfun$playRunTask$4(PlayRun.scala:80)
	at play.runsupport.Reloader.$anonfun$reload$1(Reloader.scala:496)
	at play.runsupport.Reloader$$anon$1.run(Reloader.scala:57)
	at java.base/java.security.AccessController.doPrivileged(Native Method)
	at play.runsupport.Reloader$.play$runsupport$Reloader$$withReloaderContextClassLoader(Reloader.scala:63)
	at play.runsupport.Reloader.reload(Reloader.scala:496)
	at play.core.server.DevServerStart$$anon$1.get(DevServerStart.scala:147)
	at play.core.server.AkkaHttpServer.handleRequest(AkkaHttpServer.scala:310)
	at play.core.server.AkkaHttpServer.$anonfun$createServerBinding$1(AkkaHttpServer.scala:227)
	at akka.stream.impl.fusing.MapAsync$$anon$30.onPush(Ops.scala:1309)
	at akka.stream.impl.fusing.GraphInterpreter.processPush(GraphInterpreter.scala:542)
	at akka.stream.impl.fusing.GraphInterpreter.processEvent(GraphInterpreter.scala:496)
	at akka.stream.impl.fusing.GraphInterpreter.execute(GraphInterpreter.scala:390)
	at akka.stream.impl.fusing.GraphInterpreterShell.runBatch(ActorGraphInterpreter.scala:650)
	at akka.stream.impl.fusing.GraphInterpreterShell$AsyncInput.execute(ActorGraphInterpreter.scala:521)
	at akka.stream.impl.fusing.GraphInterpreterShell.processEvent(ActorGraphInterpreter.scala:625)
	at akka.stream.impl.fusing.ActorGraphInterpreter.akka$stream$impl$fusing$ActorGraphInterpreter$$processEvent(ActorGraphInterpreter.scala:800)
	at akka.stream.impl.fusing.ActorGraphInterpreter$$anonfun$receive$1.applyOrElse(ActorGraphInterpreter.scala:818)
	at akka.actor.Actor.aroundReceive(Actor.scala:537)
	at akka.actor.Actor.aroundReceive$(Actor.scala:535)
	at akka.stream.impl.fusing.ActorGraphInterpreter.aroundReceive(ActorGraphInterpreter.scala:716)
	at akka.actor.ActorCell.receiveMessage(ActorCell.scala:579)
	at akka.actor.ActorCell.invoke(ActorCell.scala:547)
	at akka.dispatch.Mailbox.processMailbox(Mailbox.scala:270)
	at akka.dispatch.Mailbox.run(Mailbox.scala:231)
	at akka.dispatch.Mailbox.exec(Mailbox.scala:243)
	at java.base/java.util.concurrent.ForkJoinTask.doExec(ForkJoinTask.java:290)
	at java.base/java.util.concurrent.ForkJoinPool$WorkQueue.topLevelExec(ForkJoinPool.java:1020)
	at java.base/java.util.concurrent.ForkJoinPool.scan(ForkJoinPool.java:1656)
	at java.base/java.util.concurrent.ForkJoinPool.runWorker(ForkJoinPool.java:1594)
	at java.base/java.util.concurrent.ForkJoinWorkerThread.run(ForkJoinWorkerThread.java:183)
2023-10-15 10:01:38,629 [INFO] from play.api.http.EnabledFilters in play-dev-mode-akka.actor.default-dispatcher-30 - Enabled Filters (see <https://www.playframework.com/documentation/latest/Filters>):

    play.filters.csrf.CSRFFilter
    play.filters.headers.SecurityHeadersFilter
    play.filters.hosts.AllowedHostsFilter

2023-10-15 10:01:38,631 [INFO] from play.api.Play in play-dev-mode-akka.actor.default-dispatcher-30 - Application started (Dev) (no global state)
2023-10-15 10:02:01,372 [INFO] from play.api.http.EnabledFilters in play-dev-mode-akka.actor.default-dispatcher-36 - Enabled Filters (see <https://www.playframework.com/documentation/latest/Filters>):

    play.filters.csrf.CSRFFilter
    play.filters.headers.SecurityHeadersFilter
    play.filters.hosts.AllowedHostsFilter

2023-10-15 10:02:01,375 [INFO] from play.api.Play in play-dev-mode-akka.actor.default-dispatcher-36 - Application started (Dev) (no global state)
2023-10-15 10:02:35,724 [INFO] from play.api.http.EnabledFilters in play-dev-mode-akka.actor.default-dispatcher-35 - Enabled Filters (see <https://www.playframework.com/documentation/latest/Filters>):

    play.filters.csrf.CSRFFilter
    play.filters.headers.SecurityHeadersFilter
    play.filters.hosts.AllowedHostsFilter

2023-10-15 10:02:35,726 [INFO] from play.api.Play in play-dev-mode-akka.actor.default-dispatcher-35 - Application started (Dev) (no global state)
2023-10-15 10:02:55,373 [INFO] from play.api.http.EnabledFilters in play-dev-mode-akka.actor.default-dispatcher-30 - Enabled Filters (see <https://www.playframework.com/documentation/latest/Filters>):

    play.filters.csrf.CSRFFilter
    play.filters.headers.SecurityHeadersFilter
    play.filters.hosts.AllowedHostsFilter

2023-10-15 10:02:55,375 [INFO] from play.api.Play in play-dev-mode-akka.actor.default-dispatcher-30 - Application started (Dev) (no global state)
2023-10-15 10:03:19,240 [ERROR] from play.api.http.DevHttpErrorHandler in play-dev-mode-akka.actor.default-dispatcher-30 - 

! @838g3ea4b - Internal server error, for (POST) [/consume] ->
 
play.sbt.PlayExceptions$CompilationException: Compilation error[array required, but java.lang.Object found]
	at play.sbt.PlayExceptions$CompilationException$.apply(PlayExceptions.scala:34)
	at play.sbt.PlayExceptions$CompilationException$.apply(PlayExceptions.scala:34)
	at scala.Option.map(Option.scala:230)
	at play.sbt.run.PlayReload$.$anonfun$taskFailureHandler$8(PlayReload.scala:127)
	at scala.Option.map(Option.scala:230)
	at play.sbt.run.PlayReload$.taskFailureHandler(PlayReload.scala:100)
	at play.sbt.run.PlayReload$.compileFailure(PlayReload.scala:38)
	at play.sbt.run.PlayReload$.$anonfun$compile$3(PlayReload.scala:152)
	at scala.util.Either$LeftProjection.map(Either.scala:573)
	at play.sbt.run.PlayReload$.compile(PlayReload.scala:152)
	at play.sbt.run.PlayRun$.$anonfun$playRunTask$4(PlayRun.scala:80)
	at play.runsupport.Reloader.$anonfun$reload$1(Reloader.scala:496)
	at play.runsupport.Reloader$$anon$1.run(Reloader.scala:57)
	at java.base/java.security.AccessController.doPrivileged(Native Method)
	at play.runsupport.Reloader$.play$runsupport$Reloader$$withReloaderContextClassLoader(Reloader.scala:63)
	at play.runsupport.Reloader.reload(Reloader.scala:496)
	at play.core.server.DevServerStart$$anon$1.get(DevServerStart.scala:147)
	at play.core.server.AkkaHttpServer.handleRequest(AkkaHttpServer.scala:310)
	at play.core.server.AkkaHttpServer.$anonfun$createServerBinding$1(AkkaHttpServer.scala:227)
	at akka.stream.impl.fusing.MapAsync$$anon$30.onPush(Ops.scala:1309)
	at akka.stream.impl.fusing.GraphInterpreter.processPush(GraphInterpreter.scala:542)
	at akka.stream.impl.fusing.GraphInterpreter.processEvent(GraphInterpreter.scala:496)
	at akka.stream.impl.fusing.GraphInterpreter.execute(GraphInterpreter.scala:390)
	at akka.stream.impl.fusing.GraphInterpreterShell.runBatch(ActorGraphInterpreter.scala:650)
	at akka.stream.impl.fusing.GraphInterpreterShell$AsyncInput.execute(ActorGraphInterpreter.scala:521)
	at akka.stream.impl.fusing.GraphInterpreterShell.processEvent(ActorGraphInterpreter.scala:625)
	at akka.stream.impl.fusing.ActorGraphInterpreter.akka$stream$impl$fusing$ActorGraphInterpreter$$processEvent(ActorGraphInterpreter.scala:800)
	at akka.stream.impl.fusing.ActorGraphInterpreter$$anonfun$receive$1.applyOrElse(ActorGraphInterpreter.scala:818)
	at akka.actor.Actor.aroundReceive(Actor.scala:537)
	at akka.actor.Actor.aroundReceive$(Actor.scala:535)
	at akka.stream.impl.fusing.ActorGraphInterpreter.aroundReceive(ActorGraphInterpreter.scala:716)
	at akka.actor.ActorCell.receiveMessage(ActorCell.scala:579)
	at akka.actor.ActorCell.invoke(ActorCell.scala:547)
	at akka.dispatch.Mailbox.processMailbox(Mailbox.scala:270)
	at akka.dispatch.Mailbox.run(Mailbox.scala:231)
	at akka.dispatch.Mailbox.exec(Mailbox.scala:243)
	at java.base/java.util.concurrent.ForkJoinTask.doExec(ForkJoinTask.java:290)
	at java.base/java.util.concurrent.ForkJoinPool$WorkQueue.topLevelExec(ForkJoinPool.java:1020)
	at java.base/java.util.concurrent.ForkJoinPool.scan(ForkJoinPool.java:1656)
	at java.base/java.util.concurrent.ForkJoinPool.runWorker(ForkJoinPool.java:1594)
	at java.base/java.util.concurrent.ForkJoinWorkerThread.run(ForkJoinWorkerThread.java:183)
2023-10-15 10:03:55,401 [INFO] from play.api.http.EnabledFilters in play-dev-mode-akka.actor.default-dispatcher-30 - Enabled Filters (see <https://www.playframework.com/documentation/latest/Filters>):

    play.filters.csrf.CSRFFilter
    play.filters.headers.SecurityHeadersFilter
    play.filters.hosts.AllowedHostsFilter

2023-10-15 10:03:55,403 [INFO] from play.api.Play in play-dev-mode-akka.actor.default-dispatcher-30 - Application started (Dev) (no global state)
2023-10-15 10:03:55,413 [ERROR] from play.api.http.DefaultHttpErrorHandler in application-akka.actor.default-dispatcher-7 - 

! @838g3gbi6 - Internal server error, for (POST) [/consume] ->
 
play.api.http.HttpErrorHandlerExceptions$$anon$1: Execution exception[[NullPointerException: null]]
	at play.api.http.HttpErrorHandlerExceptions$.$anonfun$convertToPlayException$2(HttpErrorHandler.scala:381)
	at scala.Option.map(Option.scala:242)
	at play.api.http.HttpErrorHandlerExceptions$.convertToPlayException(HttpErrorHandler.scala:380)
	at play.api.http.HttpErrorHandlerExceptions$.throwableToUsefulException(HttpErrorHandler.scala:373)
	at play.api.http.DefaultHttpErrorHandler.onServerError(HttpErrorHandler.scala:264)
	at play.core.server.AkkaHttpServer$$anonfun$2.applyOrElse(AkkaHttpServer.scala:441)
	at play.core.server.AkkaHttpServer$$anonfun$2.applyOrElse(AkkaHttpServer.scala:433)
	at scala.concurrent.impl.Promise$Transformation.run(Promise.scala:490)
	at akka.dispatch.BatchingExecutor$AbstractBatch.processBatch(BatchingExecutor.scala:63)
	at akka.dispatch.BatchingExecutor$BlockableBatch.$anonfun$run$1(BatchingExecutor.scala:100)
	at scala.runtime.java8.JFunction0$mcV$sp.apply(JFunction0$mcV$sp.scala:18)
	at scala.concurrent.BlockContext$.withBlockContext(BlockContext.scala:94)
	at akka.dispatch.BatchingExecutor$BlockableBatch.run(BatchingExecutor.scala:100)
	at akka.dispatch.TaskInvocation.run(AbstractDispatcher.scala:49)
	at akka.dispatch.ForkJoinExecutorConfigurator$AkkaForkJoinTask.exec(ForkJoinExecutorConfigurator.scala:48)
	at java.base/java.util.concurrent.ForkJoinTask.doExec(ForkJoinTask.java:290)
	at java.base/java.util.concurrent.ForkJoinPool$WorkQueue.topLevelExec(ForkJoinPool.java:1020)
	at java.base/java.util.concurrent.ForkJoinPool.scan(ForkJoinPool.java:1656)
	at java.base/java.util.concurrent.ForkJoinPool.runWorker(ForkJoinPool.java:1594)
	at java.base/java.util.concurrent.ForkJoinWorkerThread.run(ForkJoinWorkerThread.java:183)
Caused by: java.lang.NullPointerException: null
	at controllers.SandboxController.consume(SandboxController.java:43)
	at router.Routes$$anonfun$routes$1.$anonfun$applyOrElse$8(Routes.scala:130)
	at play.core.routing.HandlerInvokerFactory$$anon$8.resultCall(HandlerInvoker.scala:150)
	at play.core.routing.HandlerInvokerFactory$$anon$8.resultCall(HandlerInvoker.scala:149)
	at play.core.routing.HandlerInvokerFactory$JavaActionInvokerFactory$$anon$3$$anon$4$$anon$5.invocation(HandlerInvoker.scala:115)
	at play.core.j.JavaAction$$anon$1.call(JavaAction.scala:119)
	at play.http.DefaultActionCreator$1.call(DefaultActionCreator.java:33)
	at play.core.j.JavaAction.$anonfun$apply$8(JavaAction.scala:175)
	at scala.concurrent.Future$.$anonfun$apply$1(Future.scala:678)
	at scala.concurrent.impl.Promise$Transformation.run(Promise.scala:467)
	at play.core.j.HttpExecutionContext.$anonfun$execute$1(HttpExecutionContext.scala:64)
	at play.api.libs.streams.Execution$trampoline$.execute(Execution.scala:70)
	at play.core.j.HttpExecutionContext.execute(HttpExecutionContext.scala:59)
	at scala.concurrent.impl.Promise$Transformation.submitWithValue(Promise.scala:429)
	at scala.concurrent.impl.Promise$DefaultPromise.submitWithValue(Promise.scala:338)
	at scala.concurrent.impl.Promise$DefaultPromise.dispatchOrAddCallbacks(Promise.scala:312)
	at scala.concurrent.impl.Promise$DefaultPromise.map(Promise.scala:182)
	at scala.concurrent.Future$.apply(Future.scala:678)
	at play.core.j.JavaAction.apply(JavaAction.scala:176)
	at play.api.mvc.Action.$anonfun$apply$4(Action.scala:82)
	at scala.concurrent.impl.Promise$Transformation.run(Promise.scala:470)
	... 12 common frames omitted
2023-10-15 10:07:08,826 [ERROR] from play.api.http.DevHttpErrorHandler in play-dev-mode-akka.actor.default-dispatcher-33 - 

! @838g41bkh - Internal server error, for (POST) [/consume] ->
 
play.sbt.PlayExceptions$CompilationException: Compilation error[incompatible types: java.lang.Object cannot be converted to java.lang.String[]]
	at play.sbt.PlayExceptions$CompilationException$.apply(PlayExceptions.scala:34)
	at play.sbt.PlayExceptions$CompilationException$.apply(PlayExceptions.scala:34)
	at scala.Option.map(Option.scala:230)
	at play.sbt.run.PlayReload$.$anonfun$taskFailureHandler$8(PlayReload.scala:127)
	at scala.Option.map(Option.scala:230)
	at play.sbt.run.PlayReload$.taskFailureHandler(PlayReload.scala:100)
	at play.sbt.run.PlayReload$.compileFailure(PlayReload.scala:38)
	at play.sbt.run.PlayReload$.$anonfun$compile$3(PlayReload.scala:152)
	at scala.util.Either$LeftProjection.map(Either.scala:573)
	at play.sbt.run.PlayReload$.compile(PlayReload.scala:152)
	at play.sbt.run.PlayRun$.$anonfun$playRunTask$4(PlayRun.scala:80)
	at play.runsupport.Reloader.$anonfun$reload$1(Reloader.scala:496)
	at play.runsupport.Reloader$$anon$1.run(Reloader.scala:57)
	at java.base/java.security.AccessController.doPrivileged(Native Method)
	at play.runsupport.Reloader$.play$runsupport$Reloader$$withReloaderContextClassLoader(Reloader.scala:63)
	at play.runsupport.Reloader.reload(Reloader.scala:496)
	at play.core.server.DevServerStart$$anon$1.get(DevServerStart.scala:147)
	at play.core.server.AkkaHttpServer.handleRequest(AkkaHttpServer.scala:310)
	at play.core.server.AkkaHttpServer.$anonfun$createServerBinding$1(AkkaHttpServer.scala:227)
	at akka.stream.impl.fusing.MapAsync$$anon$30.onPush(Ops.scala:1309)
	at akka.stream.impl.fusing.GraphInterpreter.processPush(GraphInterpreter.scala:542)
	at akka.stream.impl.fusing.GraphInterpreter.processEvent(GraphInterpreter.scala:496)
	at akka.stream.impl.fusing.GraphInterpreter.execute(GraphInterpreter.scala:390)
	at akka.stream.impl.fusing.GraphInterpreterShell.runBatch(ActorGraphInterpreter.scala:650)
	at akka.stream.impl.fusing.GraphInterpreterShell$AsyncInput.execute(ActorGraphInterpreter.scala:521)
	at akka.stream.impl.fusing.GraphInterpreterShell.processEvent(ActorGraphInterpreter.scala:625)
	at akka.stream.impl.fusing.ActorGraphInterpreter.akka$stream$impl$fusing$ActorGraphInterpreter$$processEvent(ActorGraphInterpreter.scala:800)
	at akka.stream.impl.fusing.ActorGraphInterpreter$$anonfun$receive$1.applyOrElse(ActorGraphInterpreter.scala:818)
	at akka.actor.Actor.aroundReceive(Actor.scala:537)
	at akka.actor.Actor.aroundReceive$(Actor.scala:535)
	at akka.stream.impl.fusing.ActorGraphInterpreter.aroundReceive(ActorGraphInterpreter.scala:716)
	at akka.actor.ActorCell.receiveMessage(ActorCell.scala:579)
	at akka.actor.ActorCell.invoke(ActorCell.scala:547)
	at akka.dispatch.Mailbox.processMailbox(Mailbox.scala:270)
	at akka.dispatch.Mailbox.run(Mailbox.scala:231)
	at akka.dispatch.Mailbox.exec(Mailbox.scala:243)
	at java.base/java.util.concurrent.ForkJoinTask.doExec(ForkJoinTask.java:290)
	at java.base/java.util.concurrent.ForkJoinPool$WorkQueue.topLevelExec(ForkJoinPool.java:1020)
	at java.base/java.util.concurrent.ForkJoinPool.scan(ForkJoinPool.java:1656)
	at java.base/java.util.concurrent.ForkJoinPool.runWorker(ForkJoinPool.java:1594)
	at java.base/java.util.concurrent.ForkJoinWorkerThread.run(ForkJoinWorkerThread.java:183)
2023-10-15 10:07:29,312 [ERROR] from play.api.http.DevHttpErrorHandler in play-dev-mode-akka.actor.default-dispatcher-33 - 

! @838g42g32 - Internal server error, for (POST) [/consume] ->
 
play.sbt.PlayExceptions$CompilationException: Compilation error[incompatible types: java.lang.Object cannot be converted to java.lang.String[]]
	at play.sbt.PlayExceptions$CompilationException$.apply(PlayExceptions.scala:34)
	at play.sbt.PlayExceptions$CompilationException$.apply(PlayExceptions.scala:34)
	at scala.Option.map(Option.scala:230)
	at play.sbt.run.PlayReload$.$anonfun$taskFailureHandler$8(PlayReload.scala:127)
	at scala.Option.map(Option.scala:230)
	at play.sbt.run.PlayReload$.taskFailureHandler(PlayReload.scala:100)
	at play.sbt.run.PlayReload$.compileFailure(PlayReload.scala:38)
	at play.sbt.run.PlayReload$.$anonfun$compile$3(PlayReload.scala:152)
	at scala.util.Either$LeftProjection.map(Either.scala:573)
	at play.sbt.run.PlayReload$.compile(PlayReload.scala:152)
	at play.sbt.run.PlayRun$.$anonfun$playRunTask$4(PlayRun.scala:80)
	at play.runsupport.Reloader.$anonfun$reload$1(Reloader.scala:496)
	at play.runsupport.Reloader$$anon$1.run(Reloader.scala:57)
	at java.base/java.security.AccessController.doPrivileged(Native Method)
	at play.runsupport.Reloader$.play$runsupport$Reloader$$withReloaderContextClassLoader(Reloader.scala:63)
	at play.runsupport.Reloader.reload(Reloader.scala:496)
	at play.core.server.DevServerStart$$anon$1.get(DevServerStart.scala:147)
	at play.core.server.AkkaHttpServer.handleRequest(AkkaHttpServer.scala:310)
	at play.core.server.AkkaHttpServer.$anonfun$createServerBinding$1(AkkaHttpServer.scala:227)
	at akka.stream.impl.fusing.MapAsync$$anon$30.onPush(Ops.scala:1309)
	at akka.stream.impl.fusing.GraphInterpreter.processPush(GraphInterpreter.scala:542)
	at akka.stream.impl.fusing.GraphInterpreter.processEvent(GraphInterpreter.scala:496)
	at akka.stream.impl.fusing.GraphInterpreter.execute(GraphInterpreter.scala:390)
	at akka.stream.impl.fusing.GraphInterpreterShell.runBatch(ActorGraphInterpreter.scala:650)
	at akka.stream.impl.fusing.GraphInterpreterShell$AsyncInput.execute(ActorGraphInterpreter.scala:521)
	at akka.stream.impl.fusing.GraphInterpreterShell.processEvent(ActorGraphInterpreter.scala:625)
	at akka.stream.impl.fusing.ActorGraphInterpreter.akka$stream$impl$fusing$ActorGraphInterpreter$$processEvent(ActorGraphInterpreter.scala:800)
	at akka.stream.impl.fusing.ActorGraphInterpreter$$anonfun$receive$1.applyOrElse(ActorGraphInterpreter.scala:818)
	at akka.actor.Actor.aroundReceive(Actor.scala:537)
	at akka.actor.Actor.aroundReceive$(Actor.scala:535)
	at akka.stream.impl.fusing.ActorGraphInterpreter.aroundReceive(ActorGraphInterpreter.scala:716)
	at akka.actor.ActorCell.receiveMessage(ActorCell.scala:579)
	at akka.actor.ActorCell.invoke(ActorCell.scala:547)
	at akka.dispatch.Mailbox.processMailbox(Mailbox.scala:270)
	at akka.dispatch.Mailbox.run(Mailbox.scala:231)
	at akka.dispatch.Mailbox.exec(Mailbox.scala:243)
	at java.base/java.util.concurrent.ForkJoinTask.doExec(ForkJoinTask.java:290)
	at java.base/java.util.concurrent.ForkJoinPool$WorkQueue.topLevelExec(ForkJoinPool.java:1020)
	at java.base/java.util.concurrent.ForkJoinPool.scan(ForkJoinPool.java:1656)
	at java.base/java.util.concurrent.ForkJoinPool.runWorker(ForkJoinPool.java:1594)
	at java.base/java.util.concurrent.ForkJoinWorkerThread.run(ForkJoinWorkerThread.java:183)
2023-10-15 10:07:47,212 [INFO] from play.api.http.EnabledFilters in play-dev-mode-akka.actor.default-dispatcher-33 - Enabled Filters (see <https://www.playframework.com/documentation/latest/Filters>):

    play.filters.csrf.CSRFFilter
    play.filters.headers.SecurityHeadersFilter
    play.filters.hosts.AllowedHostsFilter

2023-10-15 10:07:47,215 [INFO] from play.api.Play in play-dev-mode-akka.actor.default-dispatcher-33 - Application started (Dev) (no global state)
2023-10-15 10:08:42,952 [INFO] from play.api.http.EnabledFilters in play-dev-mode-akka.actor.default-dispatcher-33 - Enabled Filters (see <https://www.playframework.com/documentation/latest/Filters>):

    play.filters.csrf.CSRFFilter
    play.filters.headers.SecurityHeadersFilter
    play.filters.hosts.AllowedHostsFilter

2023-10-15 10:08:42,955 [INFO] from play.api.Play in play-dev-mode-akka.actor.default-dispatcher-33 - Application started (Dev) (no global state)
2023-10-15 10:09:02,555 [INFO] from play.api.http.EnabledFilters in play-dev-mode-akka.actor.default-dispatcher-40 - Enabled Filters (see <https://www.playframework.com/documentation/latest/Filters>):

    play.filters.csrf.CSRFFilter
    play.filters.headers.SecurityHeadersFilter
    play.filters.hosts.AllowedHostsFilter

2023-10-15 10:09:02,557 [INFO] from play.api.Play in play-dev-mode-akka.actor.default-dispatcher-40 - Application started (Dev) (no global state)
2023-10-15 10:09:27,170 [INFO] from play.api.http.EnabledFilters in play-dev-mode-akka.actor.default-dispatcher-39 - Enabled Filters (see <https://www.playframework.com/documentation/latest/Filters>):

    play.filters.csrf.CSRFFilter
    play.filters.headers.SecurityHeadersFilter
    play.filters.hosts.AllowedHostsFilter

2023-10-15 10:09:27,172 [INFO] from play.api.Play in play-dev-mode-akka.actor.default-dispatcher-39 - Application started (Dev) (no global state)
2023-10-15 10:09:51,195 [INFO] from play.api.http.EnabledFilters in play-dev-mode-akka.actor.default-dispatcher-40 - Enabled Filters (see <https://www.playframework.com/documentation/latest/Filters>):

    play.filters.csrf.CSRFFilter
    play.filters.headers.SecurityHeadersFilter
    play.filters.hosts.AllowedHostsFilter

2023-10-15 10:09:51,197 [INFO] from play.api.Play in play-dev-mode-akka.actor.default-dispatcher-40 - Application started (Dev) (no global state)
2023-10-15 10:10:22,399 [INFO] from play.api.http.EnabledFilters in play-dev-mode-akka.actor.default-dispatcher-39 - Enabled Filters (see <https://www.playframework.com/documentation/latest/Filters>):

    play.filters.csrf.CSRFFilter
    play.filters.headers.SecurityHeadersFilter
    play.filters.hosts.AllowedHostsFilter

2023-10-15 10:10:22,401 [INFO] from play.api.Play in play-dev-mode-akka.actor.default-dispatcher-39 - Application started (Dev) (no global state)
2023-10-15 10:10:45,922 [ERROR] from play.api.http.DevHttpErrorHandler in play-dev-mode-akka.actor.default-dispatcher-33 - 

! @838g4dkoe - Internal server error, for (POST) [/consume] ->
 
play.sbt.PlayExceptions$CompilationException: Compilation error[array required, but java.lang.Object found]
	at play.sbt.PlayExceptions$CompilationException$.apply(PlayExceptions.scala:34)
	at play.sbt.PlayExceptions$CompilationException$.apply(PlayExceptions.scala:34)
	at scala.Option.map(Option.scala:230)
	at play.sbt.run.PlayReload$.$anonfun$taskFailureHandler$8(PlayReload.scala:127)
	at scala.Option.map(Option.scala:230)
	at play.sbt.run.PlayReload$.taskFailureHandler(PlayReload.scala:100)
	at play.sbt.run.PlayReload$.compileFailure(PlayReload.scala:38)
	at play.sbt.run.PlayReload$.$anonfun$compile$3(PlayReload.scala:152)
	at scala.util.Either$LeftProjection.map(Either.scala:573)
	at play.sbt.run.PlayReload$.compile(PlayReload.scala:152)
	at play.sbt.run.PlayRun$.$anonfun$playRunTask$4(PlayRun.scala:80)
	at play.runsupport.Reloader.$anonfun$reload$1(Reloader.scala:496)
	at play.runsupport.Reloader$$anon$1.run(Reloader.scala:57)
	at java.base/java.security.AccessController.doPrivileged(Native Method)
	at play.runsupport.Reloader$.play$runsupport$Reloader$$withReloaderContextClassLoader(Reloader.scala:63)
	at play.runsupport.Reloader.reload(Reloader.scala:496)
	at play.core.server.DevServerStart$$anon$1.get(DevServerStart.scala:147)
	at play.core.server.AkkaHttpServer.handleRequest(AkkaHttpServer.scala:310)
	at play.core.server.AkkaHttpServer.$anonfun$createServerBinding$1(AkkaHttpServer.scala:227)
	at akka.stream.impl.fusing.MapAsync$$anon$30.onPush(Ops.scala:1309)
	at akka.stream.impl.fusing.GraphInterpreter.processPush(GraphInterpreter.scala:542)
	at akka.stream.impl.fusing.GraphInterpreter.processEvent(GraphInterpreter.scala:496)
	at akka.stream.impl.fusing.GraphInterpreter.execute(GraphInterpreter.scala:390)
	at akka.stream.impl.fusing.GraphInterpreterShell.runBatch(ActorGraphInterpreter.scala:650)
	at akka.stream.impl.fusing.GraphInterpreterShell$AsyncInput.execute(ActorGraphInterpreter.scala:521)
	at akka.stream.impl.fusing.GraphInterpreterShell.processEvent(ActorGraphInterpreter.scala:625)
	at akka.stream.impl.fusing.ActorGraphInterpreter.akka$stream$impl$fusing$ActorGraphInterpreter$$processEvent(ActorGraphInterpreter.scala:800)
	at akka.stream.impl.fusing.ActorGraphInterpreter$$anonfun$receive$1.applyOrElse(ActorGraphInterpreter.scala:818)
	at akka.actor.Actor.aroundReceive(Actor.scala:537)
	at akka.actor.Actor.aroundReceive$(Actor.scala:535)
	at akka.stream.impl.fusing.ActorGraphInterpreter.aroundReceive(ActorGraphInterpreter.scala:716)
	at akka.actor.ActorCell.receiveMessage(ActorCell.scala:579)
	at akka.actor.ActorCell.invoke(ActorCell.scala:547)
	at akka.dispatch.Mailbox.processMailbox(Mailbox.scala:270)
	at akka.dispatch.Mailbox.run(Mailbox.scala:231)
	at akka.dispatch.Mailbox.exec(Mailbox.scala:243)
	at java.base/java.util.concurrent.ForkJoinTask.doExec(ForkJoinTask.java:290)
	at java.base/java.util.concurrent.ForkJoinPool$WorkQueue.topLevelExec(ForkJoinPool.java:1020)
	at java.base/java.util.concurrent.ForkJoinPool.scan(ForkJoinPool.java:1656)
	at java.base/java.util.concurrent.ForkJoinPool.runWorker(ForkJoinPool.java:1594)
	at java.base/java.util.concurrent.ForkJoinWorkerThread.run(ForkJoinWorkerThread.java:183)
2023-10-15 10:11:37,054 [ERROR] from play.api.http.DevHttpErrorHandler in play-dev-mode-akka.actor.default-dispatcher-33 - 

! @838g4gifh - Internal server error, for (POST) [/consume] ->
 
play.sbt.PlayExceptions$CompilationException: Compilation error[array required, but java.util.List<java.lang.Object> found]
	at play.sbt.PlayExceptions$CompilationException$.apply(PlayExceptions.scala:34)
	at play.sbt.PlayExceptions$CompilationException$.apply(PlayExceptions.scala:34)
	at scala.Option.map(Option.scala:230)
	at play.sbt.run.PlayReload$.$anonfun$taskFailureHandler$8(PlayReload.scala:127)
	at scala.Option.map(Option.scala:230)
	at play.sbt.run.PlayReload$.taskFailureHandler(PlayReload.scala:100)
	at play.sbt.run.PlayReload$.compileFailure(PlayReload.scala:38)
	at play.sbt.run.PlayReload$.$anonfun$compile$3(PlayReload.scala:152)
	at scala.util.Either$LeftProjection.map(Either.scala:573)
	at play.sbt.run.PlayReload$.compile(PlayReload.scala:152)
	at play.sbt.run.PlayRun$.$anonfun$playRunTask$4(PlayRun.scala:80)
	at play.runsupport.Reloader.$anonfun$reload$1(Reloader.scala:496)
	at play.runsupport.Reloader$$anon$1.run(Reloader.scala:57)
	at java.base/java.security.AccessController.doPrivileged(Native Method)
	at play.runsupport.Reloader$.play$runsupport$Reloader$$withReloaderContextClassLoader(Reloader.scala:63)
	at play.runsupport.Reloader.reload(Reloader.scala:496)
	at play.core.server.DevServerStart$$anon$1.get(DevServerStart.scala:147)
	at play.core.server.AkkaHttpServer.handleRequest(AkkaHttpServer.scala:310)
	at play.core.server.AkkaHttpServer.$anonfun$createServerBinding$1(AkkaHttpServer.scala:227)
	at akka.stream.impl.fusing.MapAsync$$anon$30.onPush(Ops.scala:1309)
	at akka.stream.impl.fusing.GraphInterpreter.processPush(GraphInterpreter.scala:542)
	at akka.stream.impl.fusing.GraphInterpreter.processEvent(GraphInterpreter.scala:496)
	at akka.stream.impl.fusing.GraphInterpreter.execute(GraphInterpreter.scala:390)
	at akka.stream.impl.fusing.GraphInterpreterShell.runBatch(ActorGraphInterpreter.scala:650)
	at akka.stream.impl.fusing.GraphInterpreterShell$AsyncInput.execute(ActorGraphInterpreter.scala:521)
	at akka.stream.impl.fusing.GraphInterpreterShell.processEvent(ActorGraphInterpreter.scala:625)
	at akka.stream.impl.fusing.ActorGraphInterpreter.akka$stream$impl$fusing$ActorGraphInterpreter$$processEvent(ActorGraphInterpreter.scala:800)
	at akka.stream.impl.fusing.ActorGraphInterpreter$$anonfun$receive$1.applyOrElse(ActorGraphInterpreter.scala:818)
	at akka.actor.Actor.aroundReceive(Actor.scala:537)
	at akka.actor.Actor.aroundReceive$(Actor.scala:535)
	at akka.stream.impl.fusing.ActorGraphInterpreter.aroundReceive(ActorGraphInterpreter.scala:716)
	at akka.actor.ActorCell.receiveMessage(ActorCell.scala:579)
	at akka.actor.ActorCell.invoke(ActorCell.scala:547)
	at akka.dispatch.Mailbox.processMailbox(Mailbox.scala:270)
	at akka.dispatch.Mailbox.run(Mailbox.scala:231)
	at akka.dispatch.Mailbox.exec(Mailbox.scala:243)
	at java.base/java.util.concurrent.ForkJoinTask.doExec(ForkJoinTask.java:290)
	at java.base/java.util.concurrent.ForkJoinPool$WorkQueue.topLevelExec(ForkJoinPool.java:1020)
	at java.base/java.util.concurrent.ForkJoinPool.scan(ForkJoinPool.java:1656)
	at java.base/java.util.concurrent.ForkJoinPool.runWorker(ForkJoinPool.java:1594)
	at java.base/java.util.concurrent.ForkJoinWorkerThread.run(ForkJoinWorkerThread.java:183)
2023-10-15 10:12:12,575 [INFO] from play.api.http.EnabledFilters in play-dev-mode-akka.actor.default-dispatcher-33 - Enabled Filters (see <https://www.playframework.com/documentation/latest/Filters>):

    play.filters.csrf.CSRFFilter
    play.filters.headers.SecurityHeadersFilter
    play.filters.hosts.AllowedHostsFilter

2023-10-15 10:12:12,577 [INFO] from play.api.Play in play-dev-mode-akka.actor.default-dispatcher-33 - Application started (Dev) (no global state)
2023-10-15 10:12:47,520 [ERROR] from play.api.http.DevHttpErrorHandler in play-dev-mode-akka.actor.default-dispatcher-33 - 

! @838g4kila - Internal server error, for (POST) [/consume] ->
 
play.sbt.PlayExceptions$CompilationException: Compilation error[array required, but java.util.List<java.lang.Object> found]
	at play.sbt.PlayExceptions$CompilationException$.apply(PlayExceptions.scala:34)
	at play.sbt.PlayExceptions$CompilationException$.apply(PlayExceptions.scala:34)
	at scala.Option.map(Option.scala:230)
	at play.sbt.run.PlayReload$.$anonfun$taskFailureHandler$8(PlayReload.scala:127)
	at scala.Option.map(Option.scala:230)
	at play.sbt.run.PlayReload$.taskFailureHandler(PlayReload.scala:100)
	at play.sbt.run.PlayReload$.compileFailure(PlayReload.scala:38)
	at play.sbt.run.PlayReload$.$anonfun$compile$3(PlayReload.scala:152)
	at scala.util.Either$LeftProjection.map(Either.scala:573)
	at play.sbt.run.PlayReload$.compile(PlayReload.scala:152)
	at play.sbt.run.PlayRun$.$anonfun$playRunTask$4(PlayRun.scala:80)
	at play.runsupport.Reloader.$anonfun$reload$1(Reloader.scala:496)
	at play.runsupport.Reloader$$anon$1.run(Reloader.scala:57)
	at java.base/java.security.AccessController.doPrivileged(Native Method)
	at play.runsupport.Reloader$.play$runsupport$Reloader$$withReloaderContextClassLoader(Reloader.scala:63)
	at play.runsupport.Reloader.reload(Reloader.scala:496)
	at play.core.server.DevServerStart$$anon$1.get(DevServerStart.scala:147)
	at play.core.server.AkkaHttpServer.handleRequest(AkkaHttpServer.scala:310)
	at play.core.server.AkkaHttpServer.$anonfun$createServerBinding$1(AkkaHttpServer.scala:227)
	at akka.stream.impl.fusing.MapAsync$$anon$30.onPush(Ops.scala:1309)
	at akka.stream.impl.fusing.GraphInterpreter.processPush(GraphInterpreter.scala:542)
	at akka.stream.impl.fusing.GraphInterpreter.processEvent(GraphInterpreter.scala:496)
	at akka.stream.impl.fusing.GraphInterpreter.execute(GraphInterpreter.scala:390)
	at akka.stream.impl.fusing.GraphInterpreterShell.runBatch(ActorGraphInterpreter.scala:650)
	at akka.stream.impl.fusing.GraphInterpreterShell$AsyncInput.execute(ActorGraphInterpreter.scala:521)
	at akka.stream.impl.fusing.GraphInterpreterShell.processEvent(ActorGraphInterpreter.scala:625)
	at akka.stream.impl.fusing.ActorGraphInterpreter.akka$stream$impl$fusing$ActorGraphInterpreter$$processEvent(ActorGraphInterpreter.scala:800)
	at akka.stream.impl.fusing.ActorGraphInterpreter$$anonfun$receive$1.applyOrElse(ActorGraphInterpreter.scala:818)
	at akka.actor.Actor.aroundReceive(Actor.scala:537)
	at akka.actor.Actor.aroundReceive$(Actor.scala:535)
	at akka.stream.impl.fusing.ActorGraphInterpreter.aroundReceive(ActorGraphInterpreter.scala:716)
	at akka.actor.ActorCell.receiveMessage(ActorCell.scala:579)
	at akka.actor.ActorCell.invoke(ActorCell.scala:547)
	at akka.dispatch.Mailbox.processMailbox(Mailbox.scala:270)
	at akka.dispatch.Mailbox.run(Mailbox.scala:231)
	at akka.dispatch.Mailbox.exec(Mailbox.scala:243)
	at java.base/java.util.concurrent.ForkJoinTask.doExec(ForkJoinTask.java:290)
	at java.base/java.util.concurrent.ForkJoinPool$WorkQueue.topLevelExec(ForkJoinPool.java:1020)
	at java.base/java.util.concurrent.ForkJoinPool.scan(ForkJoinPool.java:1656)
	at java.base/java.util.concurrent.ForkJoinPool.runWorker(ForkJoinPool.java:1594)
	at java.base/java.util.concurrent.ForkJoinWorkerThread.run(ForkJoinWorkerThread.java:183)
2023-10-15 10:13:12,019 [INFO] from play.api.http.EnabledFilters in play-dev-mode-akka.actor.default-dispatcher-33 - Enabled Filters (see <https://www.playframework.com/documentation/latest/Filters>):

    play.filters.csrf.CSRFFilter
    play.filters.headers.SecurityHeadersFilter
    play.filters.hosts.AllowedHostsFilter

2023-10-15 10:13:12,021 [INFO] from play.api.Play in play-dev-mode-akka.actor.default-dispatcher-33 - Application started (Dev) (no global state)
2023-10-15 10:14:38,357 [ERROR] from play.api.http.DevHttpErrorHandler in play-dev-mode-akka.actor.default-dispatcher-39 - 

! @838g510k8 - Internal server error, for (POST) [/consume] ->
 
play.sbt.PlayExceptions$CompilationException: Compilation error[incompatible types: java.lang.Object cannot be converted to java.lang.String[]]
	at play.sbt.PlayExceptions$CompilationException$.apply(PlayExceptions.scala:34)
	at play.sbt.PlayExceptions$CompilationException$.apply(PlayExceptions.scala:34)
	at scala.Option.map(Option.scala:230)
	at play.sbt.run.PlayReload$.$anonfun$taskFailureHandler$8(PlayReload.scala:127)
	at scala.Option.map(Option.scala:230)
	at play.sbt.run.PlayReload$.taskFailureHandler(PlayReload.scala:100)
	at play.sbt.run.PlayReload$.compileFailure(PlayReload.scala:38)
	at play.sbt.run.PlayReload$.$anonfun$compile$3(PlayReload.scala:152)
	at scala.util.Either$LeftProjection.map(Either.scala:573)
	at play.sbt.run.PlayReload$.compile(PlayReload.scala:152)
	at play.sbt.run.PlayRun$.$anonfun$playRunTask$4(PlayRun.scala:80)
	at play.runsupport.Reloader.$anonfun$reload$1(Reloader.scala:496)
	at play.runsupport.Reloader$$anon$1.run(Reloader.scala:57)
	at java.base/java.security.AccessController.doPrivileged(Native Method)
	at play.runsupport.Reloader$.play$runsupport$Reloader$$withReloaderContextClassLoader(Reloader.scala:63)
	at play.runsupport.Reloader.reload(Reloader.scala:496)
	at play.core.server.DevServerStart$$anon$1.get(DevServerStart.scala:147)
	at play.core.server.AkkaHttpServer.handleRequest(AkkaHttpServer.scala:310)
	at play.core.server.AkkaHttpServer.$anonfun$createServerBinding$1(AkkaHttpServer.scala:227)
	at akka.stream.impl.fusing.MapAsync$$anon$30.onPush(Ops.scala:1309)
	at akka.stream.impl.fusing.GraphInterpreter.processPush(GraphInterpreter.scala:542)
	at akka.stream.impl.fusing.GraphInterpreter.processEvent(GraphInterpreter.scala:496)
	at akka.stream.impl.fusing.GraphInterpreter.execute(GraphInterpreter.scala:390)
	at akka.stream.impl.fusing.GraphInterpreterShell.runBatch(ActorGraphInterpreter.scala:650)
	at akka.stream.impl.fusing.GraphInterpreterShell$AsyncInput.execute(ActorGraphInterpreter.scala:521)
	at akka.stream.impl.fusing.GraphInterpreterShell.processEvent(ActorGraphInterpreter.scala:625)
	at akka.stream.impl.fusing.ActorGraphInterpreter.akka$stream$impl$fusing$ActorGraphInterpreter$$processEvent(ActorGraphInterpreter.scala:800)
	at akka.stream.impl.fusing.ActorGraphInterpreter$$anonfun$receive$1.applyOrElse(ActorGraphInterpreter.scala:818)
	at akka.actor.Actor.aroundReceive(Actor.scala:537)
	at akka.actor.Actor.aroundReceive$(Actor.scala:535)
	at akka.stream.impl.fusing.ActorGraphInterpreter.aroundReceive(ActorGraphInterpreter.scala:716)
	at akka.actor.ActorCell.receiveMessage(ActorCell.scala:579)
	at akka.actor.ActorCell.invoke(ActorCell.scala:547)
	at akka.dispatch.Mailbox.processMailbox(Mailbox.scala:270)
	at akka.dispatch.Mailbox.run(Mailbox.scala:231)
	at akka.dispatch.Mailbox.exec(Mailbox.scala:243)
	at java.base/java.util.concurrent.ForkJoinTask.doExec(ForkJoinTask.java:290)
	at java.base/java.util.concurrent.ForkJoinPool$WorkQueue.topLevelExec(ForkJoinPool.java:1020)
	at java.base/java.util.concurrent.ForkJoinPool.scan(ForkJoinPool.java:1656)
	at java.base/java.util.concurrent.ForkJoinPool.runWorker(ForkJoinPool.java:1594)
	at java.base/java.util.concurrent.ForkJoinWorkerThread.run(ForkJoinWorkerThread.java:183)
2023-10-15 20:53:02,766 [INFO] from play.api.internal.libs.concurrent.CoordinatedShutdownSupport in pool-5-thread-1 - Starting synchronous coordinated shutdown with ServerStoppedReason reason and 35000 milliseconds timeout
2023-10-15 20:53:02,771 [INFO] from play.core.server.AkkaHttpServer in pool-5-thread-1 - Stopping Akka HTTP server...
2023-10-15 20:53:02,776 [INFO] from play.core.server.AkkaHttpServer in play-dev-mode-akka.actor.internal-dispatcher-41 - Terminating server binding for /0:0:0:0:0:0:0:0:5150
2023-10-15 20:53:02,817 [INFO] from play.core.server.AkkaHttpServer in play-dev-mode-akka.actor.internal-dispatcher-41 - Running provided shutdown stop hooks
